<?xml version="1.0" encoding="UTF-8"?>
<testng-results skipped="0" failed="0" ignored="0" total="1" passed="1">
  <reporter-output>
  </reporter-output>
  <suite name="Default suite" duration-ms="75651" started-at="2020-08-09T12:45:52Z" finished-at="2020-08-09T12:47:08Z">
    <groups>
      <group name="cucumber">
        <method signature="Tatoctestrunner.feature(cucumber.api.testng.CucumberFeatureWrapper)[pri:0, instance:testRunnerTatoc.Tatoctestrunner@460d0a57]" name="feature" class="testRunnerTatoc.Tatoctestrunner"/>
      </group> <!-- cucumber -->
    </groups>
    <test name="Default test" duration-ms="75651" started-at="2020-08-09T12:45:52Z" finished-at="2020-08-09T12:47:08Z">
      <class name="testRunnerTatoc.Tatoctestrunner">
        <test-method status="PASS" signature="setUpClass()[pri:0, instance:testRunnerTatoc.Tatoctestrunner@460d0a57]" name="setUpClass" is-config="true" duration-ms="393" started-at="2020-08-09T12:45:52Z" finished-at="2020-08-09T12:45:52Z">
          <reporter-output>
          </reporter-output>
        </test-method> <!-- setUpClass -->
        <test-method status="PASS" signature="feature(cucumber.api.testng.CucumberFeatureWrapper)[pri:0, instance:testRunnerTatoc.Tatoctestrunner@460d0a57]" name="feature" duration-ms="75004" started-at="2020-08-09T12:45:53Z" description="Runs Cucumber Feature" data-provider="features" finished-at="2020-08-09T12:47:08Z">
          <params>
            <param index="0">
              <value>
                <![CDATA[Tatoc basic course Feature]]>
              </value>
            </param>
          </params>
          <reporter-output>
          </reporter-output>
        </test-method> <!-- feature -->
        <test-method status="PASS" signature="tearDownClass()[pri:0, instance:testRunnerTatoc.Tatoctestrunner@460d0a57]" name="tearDownClass" is-config="true" duration-ms="74" started-at="2020-08-09T12:47:08Z" finished-at="2020-08-09T12:47:08Z">
          <reporter-output>
          </reporter-output>
        </test-method> <!-- tearDownClass -->
      </class> <!-- testRunnerTatoc.Tatoctestrunner -->
    </test> <!-- Default test -->
  </suite> <!-- Default suite -->
</testng-results>
